<?xml version="1.0" encoding="UTF-8"?>
<!-- Generated by org.testng.reporters.JUnitReportReporter -->
<testsuite hostname="DESKTOP-4F12GA8" failures="0" tests="2" name="CoverFoxtc.ListnerTestClass" time="0.471" errors="0" timestamp="2024-08-09T16:36:20 IST" skipped="0">
  <testcase classname="CoverFoxtc.ListnerTestClass" name="validateBanners" time="0.389">
    <system-out>
      <![CDATA[ TC validateBannersexecution started]]>
    </system-out>
  </testcase> <!-- validateBanners -->
  <testcase classname="CoverFoxtc.ListnerTestClass" name="validatePresenceOfSortDropdown" time="0.082">
    <system-out>
      <![CDATA[ TC validatePresenceOfSortDropdownexecution started]]>
    </system-out>
  </testcase> <!-- validatePresenceOfSortDropdown -->
  <system-out>
    <![CDATA[ TC validateBannersexecution started
 TC validatePresenceOfSortDropdownexecution started]]>
  </system-out>
</testsuite> <!-- CoverFoxtc.ListnerTestClass -->
